DEBUG:2016-11-01 17:09:18,930:root:check the login status...
INFO:2016-11-01 17:09:21,330:root:login successful...
DEBUG:2016-11-01 17:09:23,331:root:sofa .... 
INFO:2016-11-01 17:09:23,353:root:gettopicsqueue....
INFO:2016-11-01 17:09:23,353:root:setresponsetext....
INFO:2016-11-01 17:09:23,354:root:checkreplycondition....
INFO:2016-11-01 17:09:27,027:root:responsetopic....
DEBUG:2016-11-01 17:09:27,028:root:sofa .... 
INFO:2016-11-01 17:09:27,028:root:gettopicsqueue....
INFO:2016-11-01 17:09:27,028:root:setresponsetext....
INFO:2016-11-01 17:09:27,029:root:checkreplycondition....
INFO:2016-11-01 17:09:32,323:root:responsetopic....
DEBUG:2016-11-01 17:09:32,918:root:sofa .... 
INFO:2016-11-01 17:09:32,920:root:gettopicsqueue....
INFO:2016-11-01 17:09:32,921:root:setresponsetext....
INFO:2016-11-01 17:09:32,923:root:checkreplycondition....
INFO:2016-11-01 17:09:34,266:root:responsetopic....
DEBUG:2016-11-01 17:09:34,266:root:sofa .... 
INFO:2016-11-01 17:09:34,267:root:gettopicsqueue....
INFO:2016-11-01 17:09:34,267:root:setresponsetext....
INFO:2016-11-01 17:09:34,268:root:checkreplycondition....
INFO:2016-11-01 17:09:36,935:root:responsetopic....
DEBUG:2016-11-01 17:09:38,255:root:sofa .... 
INFO:2016-11-01 17:09:38,257:root:gettopicsqueue....
INFO:2016-11-01 17:09:38,258:root:setresponsetext....
INFO:2016-11-01 17:09:38,259:root:checkreplycondition....
INFO:2016-11-01 17:09:40,911:root:responsetopic....
DEBUG:2016-11-01 17:09:41,912:root:sofa .... 
INFO:2016-11-01 17:09:41,913:root:gettopicsqueue....
INFO:2016-11-01 17:09:41,915:root:setresponsetext....
INFO:2016-11-01 17:09:41,916:root:checkreplycondition....
INFO:2016-11-01 17:09:45,410:root:responsetopic....
DEBUG:2016-11-01 17:09:45,410:root:sofa .... 
INFO:2016-11-01 17:09:45,411:root:gettopicsqueue....
INFO:2016-11-01 17:09:45,411:root:setresponsetext....
INFO:2016-11-01 17:09:45,411:root:checkreplycondition....
INFO:2016-11-01 17:09:48,968:root:responsetopic....
DEBUG:2016-11-01 17:09:49,584:root:sofa .... 
INFO:2016-11-01 17:09:49,586:root:gettopicsqueue....
INFO:2016-11-01 17:09:49,587:root:setresponsetext....
INFO:2016-11-01 17:09:49,589:root:checkreplycondition....
INFO:2016-11-01 17:09:50,733:root:responsetopic....
DEBUG:2016-11-01 17:09:50,733:root:sofa .... 
INFO:2016-11-01 17:09:50,734:root:gettopicsqueue....
INFO:2016-11-01 17:09:50,734:root:setresponsetext....
INFO:2016-11-01 17:09:50,735:root:checkreplycondition....
DEBUG:2016-11-01 17:09:56,603:root:check the login status...
INFO:2016-11-01 17:09:58,242:root:login successful...
DEBUG:2016-11-01 17:10:00,242:root:sofa .... 
INFO:2016-11-01 17:10:00,244:root:gettopicsqueue....
INFO:2016-11-01 17:10:00,245:root:setresponsetext....
INFO:2016-11-01 17:10:00,247:root:checkreplycondition....
INFO:2016-11-01 17:10:01,843:root:responsetopic....
DEBUG:2016-11-01 17:10:01,843:root:sofa .... 
INFO:2016-11-01 17:10:01,843:root:gettopicsqueue....
INFO:2016-11-01 17:10:01,844:root:setresponsetext....
INFO:2016-11-01 17:10:01,844:root:checkreplycondition....
INFO:2016-11-01 17:10:04,953:root:responsetopic....
DEBUG:2016-11-01 17:10:05,566:root:sofa .... 
INFO:2016-11-01 17:10:05,568:root:gettopicsqueue....
INFO:2016-11-01 17:10:05,569:root:setresponsetext....
INFO:2016-11-01 17:10:05,570:root:checkreplycondition....
INFO:2016-11-01 17:10:08,195:root:responsetopic....
DEBUG:2016-11-01 17:10:08,195:root:sofa .... 
INFO:2016-11-01 17:10:08,195:root:gettopicsqueue....
INFO:2016-11-01 17:10:08,196:root:setresponsetext....
INFO:2016-11-01 17:10:08,196:root:checkreplycondition....
INFO:2016-11-01 17:10:14,007:root:responsetopic....
DEBUG:2016-11-01 17:10:15,416:root:sofa .... 
INFO:2016-11-01 17:10:15,418:root:gettopicsqueue....
INFO:2016-11-01 17:10:15,419:root:setresponsetext....
INFO:2016-11-01 17:10:15,422:root:checkreplycondition....
INFO:2016-11-01 17:10:19,627:root:responsetopic....
DEBUG:2016-11-01 17:10:19,627:root:sofa .... 
INFO:2016-11-01 17:10:19,628:root:gettopicsqueue....
INFO:2016-11-01 17:10:19,628:root:setresponsetext....
INFO:2016-11-01 17:10:19,628:root:checkreplycondition....
INFO:2016-11-01 17:10:23,209:root:responsetopic....
DEBUG:2016-11-01 17:10:23,209:root:sofa .... 
INFO:2016-11-01 17:10:23,210:root:gettopicsqueue....
INFO:2016-11-01 17:10:23,210:root:setresponsetext....
INFO:2016-11-01 17:10:23,211:root:checkreplycondition....
INFO:2016-11-01 17:10:28,268:root:responsetopic....
DEBUG:2016-11-01 17:10:28,941:root:sofa .... 
INFO:2016-11-01 17:10:28,943:root:gettopicsqueue....
INFO:2016-11-01 17:10:28,944:root:setresponsetext....
INFO:2016-11-01 17:10:28,946:root:checkreplycondition....
INFO:2016-11-01 17:10:32,872:root:responsetopic....
DEBUG:2016-11-01 17:10:32,872:root:sofa .... 
INFO:2016-11-01 17:10:32,873:root:gettopicsqueue....
INFO:2016-11-01 17:10:32,874:root:setresponsetext....
INFO:2016-11-01 17:10:32,876:root:checkreplycondition....
INFO:2016-11-01 17:10:39,105:root:responsetopic....
DEBUG:2016-11-01 17:10:40,420:root:sofa .... 
INFO:2016-11-01 17:10:40,421:root:gettopicsqueue....
INFO:2016-11-01 17:10:40,423:root:setresponsetext....
INFO:2016-11-01 17:10:40,425:root:checkreplycondition....
INFO:2016-11-01 17:10:42,430:root:responsetopic....
DEBUG:2016-11-01 17:10:43,432:root:sofa .... 
INFO:2016-11-01 17:10:43,433:root:gettopicsqueue....
INFO:2016-11-01 17:10:43,433:root:setresponsetext....
INFO:2016-11-01 17:10:43,434:root:checkreplycondition....
INFO:2016-11-01 17:10:46,789:root:responsetopic....
DEBUG:2016-11-01 17:10:46,789:root:sofa .... 
INFO:2016-11-01 17:10:46,790:root:gettopicsqueue....
INFO:2016-11-01 17:10:46,790:root:setresponsetext....
INFO:2016-11-01 17:10:46,791:root:checkreplycondition....
INFO:2016-11-01 17:10:51,802:root:responsetopic....
DEBUG:2016-11-01 17:10:52,412:root:sofa .... 
INFO:2016-11-01 17:10:52,414:root:gettopicsqueue....
INFO:2016-11-01 17:10:52,416:root:setresponsetext....
INFO:2016-11-01 17:10:52,418:root:checkreplycondition....
INFO:2016-11-01 17:10:55,296:root:responsetopic....
DEBUG:2016-11-01 17:10:55,296:root:sofa .... 
INFO:2016-11-01 17:10:55,296:root:gettopicsqueue....
INFO:2016-11-01 17:10:55,297:root:setresponsetext....
INFO:2016-11-01 17:10:55,297:root:checkreplycondition....
INFO:2016-11-01 17:10:59,672:root:responsetopic....
DEBUG:2016-11-01 17:11:01,344:root:sofa .... 
INFO:2016-11-01 17:11:01,345:root:gettopicsqueue....
INFO:2016-11-01 17:11:01,345:root:setresponsetext....
INFO:2016-11-01 17:11:01,346:root:checkreplycondition....
INFO:2016-11-01 17:11:04,352:root:responsetopic....
DEBUG:2016-11-01 17:11:04,352:root:sofa .... 
INFO:2016-11-01 17:11:04,352:root:gettopicsqueue....
INFO:2016-11-01 17:11:04,353:root:setresponsetext....
INFO:2016-11-01 17:11:04,353:root:checkreplycondition....
INFO:2016-11-01 17:11:06,916:root:responsetopic....
DEBUG:2016-11-01 17:11:06,916:root:sofa .... 
INFO:2016-11-01 17:11:06,917:root:gettopicsqueue....
INFO:2016-11-01 17:11:06,917:root:setresponsetext....
INFO:2016-11-01 17:11:06,918:root:checkreplycondition....
INFO:2016-11-01 17:11:11,745:root:responsetopic....
DEBUG:2016-11-01 17:11:12,752:root:sofa .... 
INFO:2016-11-01 17:11:12,754:root:gettopicsqueue....
INFO:2016-11-01 17:11:12,755:root:setresponsetext....
INFO:2016-11-01 17:11:12,757:root:checkreplycondition....
INFO:2016-11-01 17:11:17,104:root:responsetopic....
DEBUG:2016-11-01 17:11:17,104:root:sofa .... 
INFO:2016-11-01 17:11:17,104:root:gettopicsqueue....
INFO:2016-11-01 17:11:17,105:root:setresponsetext....
INFO:2016-11-01 17:11:17,106:root:checkreplycondition....
INFO:2016-11-01 17:11:22,448:root:responsetopic....
DEBUG:2016-11-01 17:11:23,629:root:sofa .... 
INFO:2016-11-01 17:11:23,631:root:gettopicsqueue....
INFO:2016-11-01 17:11:23,633:root:setresponsetext....
INFO:2016-11-01 17:11:23,634:root:checkreplycondition....
INFO:2016-11-01 17:11:24,246:root:responsetopic....
DEBUG:2016-11-01 17:11:26,246:root:sofa .... 
INFO:2016-11-01 17:11:26,247:root:gettopicsqueue....
INFO:2016-11-01 17:11:26,248:root:setresponsetext....
INFO:2016-11-01 17:11:26,249:root:checkreplycondition....
INFO:2016-11-01 17:11:27,621:root:responsetopic....
DEBUG:2016-11-01 17:11:27,621:root:sofa .... 
INFO:2016-11-01 17:11:27,622:root:gettopicsqueue....
INFO:2016-11-01 17:11:27,622:root:setresponsetext....
INFO:2016-11-01 17:11:27,622:root:checkreplycondition....
INFO:2016-11-01 17:11:32,915:root:responsetopic....
DEBUG:2016-11-01 17:11:34,829:root:sofa .... 
INFO:2016-11-01 17:11:34,830:root:gettopicsqueue....
INFO:2016-11-01 17:11:34,831:root:setresponsetext....
INFO:2016-11-01 17:11:34,833:root:checkreplycondition....
INFO:2016-11-01 17:11:38,808:root:responsetopic....
DEBUG:2016-11-01 17:11:38,808:root:sofa .... 
INFO:2016-11-01 17:11:38,809:root:gettopicsqueue....
INFO:2016-11-01 17:11:38,809:root:setresponsetext....
INFO:2016-11-01 17:11:38,809:root:checkreplycondition....
INFO:2016-11-01 17:11:43,098:root:responsetopic....
DEBUG:2016-11-01 17:11:46,361:root:sofa .... 
INFO:2016-11-01 17:11:46,363:root:gettopicsqueue....
INFO:2016-11-01 17:11:46,364:root:setresponsetext....
INFO:2016-11-01 17:11:46,366:root:checkreplycondition....
INFO:2016-11-01 17:11:47,340:root:responsetopic....
DEBUG:2016-11-01 17:11:49,341:root:sofa .... 
INFO:2016-11-01 17:11:49,343:root:gettopicsqueue....
INFO:2016-11-01 17:11:49,344:root:setresponsetext....
INFO:2016-11-01 17:11:49,345:root:checkreplycondition....
INFO:2016-11-01 17:11:51,118:root:responsetopic....
DEBUG:2016-11-01 17:11:51,118:root:sofa .... 
INFO:2016-11-01 17:11:51,119:root:gettopicsqueue....
INFO:2016-11-01 17:11:51,119:root:setresponsetext....
INFO:2016-11-01 17:11:51,120:root:checkreplycondition....
INFO:2016-11-01 17:11:54,635:root:responsetopic....
DEBUG:2016-11-01 17:11:55,216:root:sofa .... 
INFO:2016-11-01 17:11:55,218:root:gettopicsqueue....
INFO:2016-11-01 17:11:55,219:root:setresponsetext....
INFO:2016-11-01 17:11:55,220:root:checkreplycondition....
INFO:2016-11-01 17:11:56,079:root:responsetopic....
DEBUG:2016-11-01 17:11:56,079:root:sofa .... 
INFO:2016-11-01 17:11:56,080:root:gettopicsqueue....
INFO:2016-11-01 17:11:56,080:root:setresponsetext....
INFO:2016-11-01 17:11:56,081:root:checkreplycondition....
INFO:2016-11-01 17:12:00,509:root:responsetopic....
DEBUG:2016-11-01 17:12:01,777:root:sofa .... 
INFO:2016-11-01 17:12:01,780:root:gettopicsqueue....
INFO:2016-11-01 17:12:01,781:root:setresponsetext....
INFO:2016-11-01 17:12:01,783:root:checkreplycondition....
INFO:2016-11-01 17:12:04,649:root:responsetopic....
DEBUG:2016-11-01 17:12:05,649:root:sofa .... 
INFO:2016-11-01 17:12:05,651:root:gettopicsqueue....
INFO:2016-11-01 17:12:05,652:root:setresponsetext....
INFO:2016-11-01 17:12:05,653:root:checkreplycondition....
INFO:2016-11-01 17:12:08,468:root:responsetopic....
DEBUG:2016-11-01 17:12:08,468:root:sofa .... 
INFO:2016-11-01 17:12:08,468:root:gettopicsqueue....
INFO:2016-11-01 17:12:08,469:root:setresponsetext....
INFO:2016-11-01 17:12:08,469:root:checkreplycondition....
INFO:2016-11-01 17:12:13,696:root:responsetopic....
DEBUG:2016-11-01 17:12:14,309:root:sofa .... 
INFO:2016-11-01 17:12:14,311:root:gettopicsqueue....
INFO:2016-11-01 17:12:14,312:root:setresponsetext....
INFO:2016-11-01 17:12:14,313:root:checkreplycondition....
INFO:2016-11-01 17:12:17,632:root:responsetopic....
DEBUG:2016-11-01 17:12:17,632:root:sofa .... 
INFO:2016-11-01 17:12:17,633:root:gettopicsqueue....
INFO:2016-11-01 17:12:17,633:root:setresponsetext....
INFO:2016-11-01 17:12:17,633:root:checkreplycondition....
INFO:2016-11-01 17:12:21,605:root:responsetopic....
DEBUG:2016-11-01 17:12:22,879:root:sofa .... 
INFO:2016-11-01 17:12:22,880:root:gettopicsqueue....
INFO:2016-11-01 17:12:22,882:root:setresponsetext....
INFO:2016-11-01 17:12:22,886:root:checkreplycondition....
INFO:2016-11-01 17:12:27,163:root:responsetopic....
DEBUG:2016-11-01 17:12:27,164:root:sofa .... 
INFO:2016-11-01 17:12:27,164:root:gettopicsqueue....
INFO:2016-11-01 17:12:27,164:root:setresponsetext....
INFO:2016-11-01 17:12:27,165:root:checkreplycondition....
INFO:2016-11-01 17:12:30,359:root:responsetopic....
DEBUG:2016-11-01 17:12:30,360:root:sofa .... 
INFO:2016-11-01 17:12:30,360:root:gettopicsqueue....
INFO:2016-11-01 17:12:30,361:root:setresponsetext....
INFO:2016-11-01 17:12:30,361:root:checkreplycondition....
INFO:2016-11-01 17:12:35,835:root:responsetopic....
DEBUG:2016-11-01 17:12:36,412:root:sofa .... 
INFO:2016-11-01 17:12:36,414:root:gettopicsqueue....
INFO:2016-11-01 17:12:36,415:root:setresponsetext....
INFO:2016-11-01 17:12:36,417:root:checkreplycondition....
INFO:2016-11-01 17:12:38,641:root:responsetopic....
DEBUG:2016-11-01 17:12:38,641:root:sofa .... 
INFO:2016-11-01 17:12:38,642:root:gettopicsqueue....
INFO:2016-11-01 17:12:38,642:root:setresponsetext....
INFO:2016-11-01 17:12:38,642:root:checkreplycondition....
INFO:2016-11-01 17:12:44,374:root:responsetopic....
DEBUG:2016-11-01 17:12:45,616:root:sofa .... 
INFO:2016-11-01 17:12:45,616:root:gettopicsqueue....
INFO:2016-11-01 17:12:45,617:root:setresponsetext....
INFO:2016-11-01 17:12:45,617:root:checkreplycondition....
INFO:2016-11-01 17:12:49,100:root:responsetopic....
DEBUG:2016-11-01 17:12:50,100:root:sofa .... 
INFO:2016-11-01 17:12:50,102:root:gettopicsqueue....
INFO:2016-11-01 17:12:50,103:root:setresponsetext....
INFO:2016-11-01 17:12:50,104:root:checkreplycondition....
INFO:2016-11-01 17:12:52,897:root:responsetopic....
DEBUG:2016-11-01 17:12:52,897:root:sofa .... 
INFO:2016-11-01 17:12:52,899:root:gettopicsqueue....
INFO:2016-11-01 17:12:52,902:root:setresponsetext....
INFO:2016-11-01 17:12:52,903:root:checkreplycondition....
INFO:2016-11-01 17:12:56,778:root:responsetopic....
DEBUG:2016-11-01 17:12:57,330:root:sofa .... 
INFO:2016-11-01 17:12:57,331:root:gettopicsqueue....
INFO:2016-11-01 17:12:57,332:root:setresponsetext....
INFO:2016-11-01 17:12:57,332:root:checkreplycondition....
INFO:2016-11-01 17:12:57,955:root:responsetopic....
DEBUG:2016-11-01 17:12:57,955:root:sofa .... 
INFO:2016-11-01 17:12:57,956:root:gettopicsqueue....
INFO:2016-11-01 17:12:57,956:root:setresponsetext....
INFO:2016-11-01 17:12:57,957:root:checkreplycondition....
INFO:2016-11-01 17:13:04,490:root:responsetopic....
DEBUG:2016-11-01 17:13:05,711:root:sofa .... 
INFO:2016-11-01 17:13:05,712:root:gettopicsqueue....
INFO:2016-11-01 17:13:05,713:root:setresponsetext....
INFO:2016-11-01 17:13:05,713:root:checkreplycondition....
INFO:2016-11-01 17:13:06,153:root:responsetopic....
DEBUG:2016-11-01 17:13:07,154:root:sofa .... 
INFO:2016-11-01 17:13:07,156:root:gettopicsqueue....
INFO:2016-11-01 17:13:07,157:root:setresponsetext....
INFO:2016-11-01 17:13:07,158:root:checkreplycondition....
INFO:2016-11-01 17:13:08,556:root:responsetopic....
DEBUG:2016-11-01 17:13:08,556:root:sofa .... 
INFO:2016-11-01 17:13:08,557:root:gettopicsqueue....
INFO:2016-11-01 17:13:08,557:root:setresponsetext....
INFO:2016-11-01 17:13:08,558:root:checkreplycondition....
INFO:2016-11-01 17:13:10,777:root:responsetopic....
DEBUG:2016-11-01 17:13:11,341:root:sofa .... 
INFO:2016-11-01 17:13:11,343:root:gettopicsqueue....
INFO:2016-11-01 17:13:11,344:root:setresponsetext....
INFO:2016-11-01 17:13:11,346:root:checkreplycondition....
INFO:2016-11-01 17:13:15,393:root:responsetopic....
DEBUG:2016-11-01 17:13:15,393:root:sofa .... 
INFO:2016-11-01 17:13:15,394:root:gettopicsqueue....
INFO:2016-11-01 17:13:15,394:root:setresponsetext....
INFO:2016-11-01 17:13:15,394:root:checkreplycondition....
INFO:2016-11-01 17:13:19,692:root:responsetopic....
DEBUG:2016-11-01 17:13:20,959:root:sofa .... 
INFO:2016-11-01 17:13:20,961:root:gettopicsqueue....
INFO:2016-11-01 17:13:20,962:root:setresponsetext....
INFO:2016-11-01 17:13:20,964:root:checkreplycondition....
INFO:2016-11-01 17:13:23,368:root:responsetopic....
DEBUG:2016-11-01 17:13:24,368:root:sofa .... 
INFO:2016-11-01 17:13:24,368:root:gettopicsqueue....
INFO:2016-11-01 17:13:24,369:root:setresponsetext....
INFO:2016-11-01 17:13:24,369:root:checkreplycondition....
INFO:2016-11-01 17:13:27,398:root:responsetopic....
DEBUG:2016-11-01 17:13:27,398:root:sofa .... 
INFO:2016-11-01 17:13:27,399:root:gettopicsqueue....
INFO:2016-11-01 17:13:27,399:root:setresponsetext....
INFO:2016-11-01 17:13:27,399:root:checkreplycondition....
INFO:2016-11-01 17:13:30,132:root:responsetopic....
DEBUG:2016-11-01 17:13:40,537:root:sofa .... 
INFO:2016-11-01 17:13:40,538:root:gettopicsqueue....
INFO:2016-11-01 17:13:40,542:root:setresponsetext....
INFO:2016-11-01 17:13:40,546:root:checkreplycondition....
ERROR:2016-11-01 17:13:54,491:root:https://www.douban.com/group/taotaopaoxiao/discussion?start=0
ERROR:2016-11-01 17:13:54,491:root:¡¨Ω” ß∞‹
